[23-Mar-2022 16:33:57 UTC] PHP Fatal error:  Uncaught ArgumentCountError: Too few arguments to function add_action(), 0 passed in /Users/kaepae/Local Sites/cool-kids-university/app/public/wp-content/themes/coolunitheme/functions.php on line 3 and at least 2 expected in /Users/kaepae/Local Sites/cool-kids-university/app/public/wp-includes/plugin.php:398
Stack trace:
#0 /Users/kaepae/Local Sites/cool-kids-university/app/public/wp-content/themes/coolunitheme/functions.php(3): add_action()
#1 /Users/kaepae/Local Sites/cool-kids-university/app/public/wp-settings.php(555): include('/Users/kaepae/L...')
#2 /Users/kaepae/Local Sites/cool-kids-university/app/public/wp-config.php(91): require_once('/Users/kaepae/L...')
#3 /Users/kaepae/Local Sites/cool-kids-university/app/public/wp-load.php(50): require_once('/Users/kaepae/L...')
#4 /Users/kaepae/Local Sites/cool-kids-university/app/public/wp-admin/admin-ajax.php(22): require_once('/Users/kaepae/L...')
#5 {main}
  thrown in /Users/kaepae/Local Sites/cool-kids-university/app/public/wp-includes/plugin.php on line 398
[23-Mar-2022 16:35:58 UTC] PHP Parse error:  syntax error, unexpected '}' in /Users/kaepae/Local Sites/cool-kids-university/app/public/wp-content/themes/coolunitheme/functions.php on line 5
[25-Mar-2022 12:17:48 UTC] PHP Fatal error:  Uncaught Error: Call to undefined function get_theme_file_url() in /Users/kaepae/Local Sites/cool-kids-university/app/public/wp-content/themes/coolunitheme/page.php:9
Stack trace:
#0 /Users/kaepae/Local Sites/cool-kids-university/app/public/wp-includes/template-loader.php(106): include()
#1 /Users/kaepae/Local Sites/cool-kids-university/app/public/wp-blog-header.php(19): require_once('/Users/kaepae/L...')
#2 /Users/kaepae/Local Sites/cool-kids-university/app/public/index.php(17): require('/Users/kaepae/L...')
#3 {main}
  thrown in /Users/kaepae/Local Sites/cool-kids-university/app/public/wp-content/themes/coolunitheme/page.php on line 9
[25-Mar-2022 12:18:09 UTC] PHP Warning:  Use of undefined constant images - assumed 'images' (this will throw an Error in a future version of PHP) in /Users/kaepae/Local Sites/cool-kids-university/app/public/wp-content/themes/coolunitheme/page.php on line 9
[25-Mar-2022 12:18:09 UTC] PHP Stack trace:
[25-Mar-2022 12:18:09 UTC] PHP   1. {main}() /Users/kaepae/Local Sites/cool-kids-university/app/public/index.php:0
[25-Mar-2022 12:18:09 UTC] PHP   2. require() /Users/kaepae/Local Sites/cool-kids-university/app/public/index.php:17
[25-Mar-2022 12:18:09 UTC] PHP   3. require_once() /Users/kaepae/Local Sites/cool-kids-university/app/public/wp-blog-header.php:19
[25-Mar-2022 12:18:09 UTC] PHP   4. include() /Users/kaepae/Local Sites/cool-kids-university/app/public/wp-includes/template-loader.php:106
[25-Mar-2022 12:18:09 UTC] PHP Warning:  Use of undefined constant ocean - assumed 'ocean' (this will throw an Error in a future version of PHP) in /Users/kaepae/Local Sites/cool-kids-university/app/public/wp-content/themes/coolunitheme/page.php on line 9
[25-Mar-2022 12:18:09 UTC] PHP Stack trace:
[25-Mar-2022 12:18:09 UTC] PHP   1. {main}() /Users/kaepae/Local Sites/cool-kids-university/app/public/index.php:0
[25-Mar-2022 12:18:09 UTC] PHP   2. require() /Users/kaepae/Local Sites/cool-kids-university/app/public/index.php:17
[25-Mar-2022 12:18:09 UTC] PHP   3. require_once() /Users/kaepae/Local Sites/cool-kids-university/app/public/wp-blog-header.php:19
[25-Mar-2022 12:18:09 UTC] PHP   4. include() /Users/kaepae/Local Sites/cool-kids-university/app/public/wp-includes/template-loader.php:106
[25-Mar-2022 12:18:09 UTC] PHP Warning:  A non-numeric value encountered in /Users/kaepae/Local Sites/cool-kids-university/app/public/wp-content/themes/coolunitheme/page.php on line 9
[25-Mar-2022 12:18:09 UTC] PHP Stack trace:
[25-Mar-2022 12:18:09 UTC] PHP   1. {main}() /Users/kaepae/Local Sites/cool-kids-university/app/public/index.php:0
[25-Mar-2022 12:18:09 UTC] PHP   2. require() /Users/kaepae/Local Sites/cool-kids-university/app/public/index.php:17
[25-Mar-2022 12:18:09 UTC] PHP   3. require_once() /Users/kaepae/Local Sites/cool-kids-university/app/public/wp-blog-header.php:19
[25-Mar-2022 12:18:09 UTC] PHP   4. include() /Users/kaepae/Local Sites/cool-kids-university/app/public/wp-includes/template-loader.php:106
[25-Mar-2022 12:18:09 UTC] PHP Warning:  A non-numeric value encountered in /Users/kaepae/Local Sites/cool-kids-university/app/public/wp-content/themes/coolunitheme/page.php on line 9
[25-Mar-2022 12:18:09 UTC] PHP Stack trace:
[25-Mar-2022 12:18:09 UTC] PHP   1. {main}() /Users/kaepae/Local Sites/cool-kids-university/app/public/index.php:0
[25-Mar-2022 12:18:09 UTC] PHP   2. require() /Users/kaepae/Local Sites/cool-kids-university/app/public/index.php:17
[25-Mar-2022 12:18:09 UTC] PHP   3. require_once() /Users/kaepae/Local Sites/cool-kids-university/app/public/wp-blog-header.php:19
[25-Mar-2022 12:18:09 UTC] PHP   4. include() /Users/kaepae/Local Sites/cool-kids-university/app/public/wp-includes/template-loader.php:106
[25-Mar-2022 12:18:09 UTC] PHP Warning:  Division by zero in /Users/kaepae/Local Sites/cool-kids-university/app/public/wp-content/themes/coolunitheme/page.php on line 9
[25-Mar-2022 12:18:09 UTC] PHP Stack trace:
[25-Mar-2022 12:18:09 UTC] PHP   1. {main}() /Users/kaepae/Local Sites/cool-kids-university/app/public/index.php:0
[25-Mar-2022 12:18:09 UTC] PHP   2. require() /Users/kaepae/Local Sites/cool-kids-university/app/public/index.php:17
[25-Mar-2022 12:18:09 UTC] PHP   3. require_once() /Users/kaepae/Local Sites/cool-kids-university/app/public/wp-blog-header.php:19
[25-Mar-2022 12:18:09 UTC] PHP   4. include() /Users/kaepae/Local Sites/cool-kids-university/app/public/wp-includes/template-loader.php:106
[25-Mar-2022 12:18:09 UTC] PHP Warning:  Use of undefined constant jpg - assumed 'jpg' (this will throw an Error in a future version of PHP) in /Users/kaepae/Local Sites/cool-kids-university/app/public/wp-content/themes/coolunitheme/page.php on line 9
[25-Mar-2022 12:18:09 UTC] PHP Stack trace:
[25-Mar-2022 12:18:09 UTC] PHP   1. {main}() /Users/kaepae/Local Sites/cool-kids-university/app/public/index.php:0
[25-Mar-2022 12:18:09 UTC] PHP   2. require() /Users/kaepae/Local Sites/cool-kids-university/app/public/index.php:17
[25-Mar-2022 12:18:09 UTC] PHP   3. require_once() /Users/kaepae/Local Sites/cool-kids-university/app/public/wp-blog-header.php:19
[25-Mar-2022 12:18:09 UTC] PHP   4. include() /Users/kaepae/Local Sites/cool-kids-university/app/public/wp-includes/template-loader.php:106
[25-Mar-2022 22:08:58 UTC] PHP Fatal error:  Uncaught Error: Call to undefined function get_author() in /Users/kaepae/Local Sites/cool-kids-university/app/public/wp-content/themes/coolunitheme/index.php:22
Stack trace:
#0 /Users/kaepae/Local Sites/cool-kids-university/app/public/wp-includes/template-loader.php(106): include()
#1 /Users/kaepae/Local Sites/cool-kids-university/app/public/wp-blog-header.php(19): require_once('/Users/kaepae/L...')
#2 /Users/kaepae/Local Sites/cool-kids-university/app/public/index.php(17): require('/Users/kaepae/L...')
#3 {main}
  thrown in /Users/kaepae/Local Sites/cool-kids-university/app/public/wp-content/themes/coolunitheme/index.php on line 22
[25-Mar-2022 22:15:59 UTC] PHP Fatal error:  Uncaught Error: Call to undefined function the_category_list() in /Users/kaepae/Local Sites/cool-kids-university/app/public/wp-content/themes/coolunitheme/index.php:23
Stack trace:
#0 /Users/kaepae/Local Sites/cool-kids-university/app/public/wp-includes/template-loader.php(106): include()
#1 /Users/kaepae/Local Sites/cool-kids-university/app/public/wp-blog-header.php(19): require_once('/Users/kaepae/L...')
#2 /Users/kaepae/Local Sites/cool-kids-university/app/public/index.php(17): require('/Users/kaepae/L...')
#3 {main}
  thrown in /Users/kaepae/Local Sites/cool-kids-university/app/public/wp-content/themes/coolunitheme/index.php on line 23
[25-Mar-2022 23:11:58 UTC] PHP Parse error:  syntax error, unexpected ''init'' (T_CONSTANT_ENCAPSED_STRING), expecting variable (T_VARIABLE) in /Users/kaepae/Local Sites/cool-kids-university/app/public/wp-content/themes/coolunitheme/functions.php on line 20
[25-Mar-2022 23:16:06 UTC] PHP Parse error:  syntax error, unexpected ')' in /Users/kaepae/Local Sites/cool-kids-university/app/public/wp-content/themes/coolunitheme/functions.php on line 25
[25-Mar-2022 23:18:14 UTC] PHP Parse error:  syntax error, unexpected ')' in /Users/kaepae/Local Sites/cool-kids-university/app/public/wp-content/themes/coolunitheme/functions.php on line 25
[25-Mar-2022 23:20:14 UTC] PHP Parse error:  syntax error, unexpected ')' in /Users/kaepae/Local Sites/cool-kids-university/app/public/wp-content/themes/coolunitheme/functions.php on line 25
[25-Mar-2022 23:22:16 UTC] PHP Parse error:  syntax error, unexpected ')' in /Users/kaepae/Local Sites/cool-kids-university/app/public/wp-content/themes/coolunitheme/functions.php on line 25
[25-Mar-2022 23:29:34 UTC] PHP Fatal error:  Cannot redeclare postTypes() (previously declared in /Users/kaepae/Local Sites/cool-kids-university/app/public/wp-content/mu-plugins/post-types.php:3) in /Users/kaepae/Local Sites/cool-kids-university/app/public/wp-content/themes/coolunitheme/functions.php on line 18
[25-Mar-2022 23:29:34 UTC] PHP Stack trace:
[25-Mar-2022 23:29:34 UTC] PHP   1. {main}() /Users/kaepae/Local Sites/cool-kids-university/app/public/wp-admin/admin-ajax.php:0
[25-Mar-2022 23:29:34 UTC] PHP   2. require_once() /Users/kaepae/Local Sites/cool-kids-university/app/public/wp-admin/admin-ajax.php:22
[25-Mar-2022 23:29:34 UTC] PHP   3. require_once() /Users/kaepae/Local Sites/cool-kids-university/app/public/wp-load.php:50
[25-Mar-2022 23:29:34 UTC] PHP   4. require_once() /Users/kaepae/Local Sites/cool-kids-university/app/public/wp-config.php:91
[25-Mar-2022 23:29:36 UTC] PHP Fatal error:  Cannot redeclare postTypes() (previously declared in /Users/kaepae/Local Sites/cool-kids-university/app/public/wp-content/mu-plugins/post-types.php:3) in /Users/kaepae/Local Sites/cool-kids-university/app/public/wp-content/themes/coolunitheme/functions.php on line 18
[25-Mar-2022 23:29:36 UTC] PHP Stack trace:
[25-Mar-2022 23:29:36 UTC] PHP   1. {main}() /Users/kaepae/Local Sites/cool-kids-university/app/public/wp-admin/edit.php:0
[25-Mar-2022 23:29:36 UTC] PHP   2. require_once() /Users/kaepae/Local Sites/cool-kids-university/app/public/wp-admin/edit.php:10
[25-Mar-2022 23:29:36 UTC] PHP   3. require_once() /Users/kaepae/Local Sites/cool-kids-university/app/public/wp-admin/admin.php:34
[25-Mar-2022 23:29:36 UTC] PHP   4. require_once() /Users/kaepae/Local Sites/cool-kids-university/app/public/wp-load.php:50
[25-Mar-2022 23:29:36 UTC] PHP   5. require_once() /Users/kaepae/Local Sites/cool-kids-university/app/public/wp-config.php:91
[25-Mar-2022 23:29:36 UTC] PHP Fatal error:  Cannot redeclare postTypes() (previously declared in /Users/kaepae/Local Sites/cool-kids-university/app/public/wp-content/mu-plugins/post-types.php:3) in /Users/kaepae/Local Sites/cool-kids-university/app/public/wp-content/themes/coolunitheme/functions.php on line 18
[25-Mar-2022 23:29:36 UTC] PHP Stack trace:
[25-Mar-2022 23:29:36 UTC] PHP   1. {main}() /Users/kaepae/Local Sites/cool-kids-university/app/public/index.php:0
[25-Mar-2022 23:29:36 UTC] PHP   2. require() /Users/kaepae/Local Sites/cool-kids-university/app/public/index.php:17
[25-Mar-2022 23:29:36 UTC] PHP   3. require_once() /Users/kaepae/Local Sites/cool-kids-university/app/public/wp-blog-header.php:13
[25-Mar-2022 23:29:36 UTC] PHP   4. require_once() /Users/kaepae/Local Sites/cool-kids-university/app/public/wp-load.php:50
[25-Mar-2022 23:29:36 UTC] PHP   5. require_once() /Users/kaepae/Local Sites/cool-kids-university/app/public/wp-config.php:91
[25-Mar-2022 23:45:52 UTC] PHP Fatal error:  Uncaught Error: Call to undefined function get_content() in /Users/kaepae/Local Sites/cool-kids-university/app/public/wp-content/themes/coolunitheme/front-page.php:35
Stack trace:
#0 /Users/kaepae/Local Sites/cool-kids-university/app/public/wp-includes/template-loader.php(106): include()
#1 /Users/kaepae/Local Sites/cool-kids-university/app/public/wp-blog-header.php(19): require_once('/Users/kaepae/L...')
#2 /Users/kaepae/Local Sites/cool-kids-university/app/public/index.php(17): require('/Users/kaepae/L...')
#3 {main}
  thrown in /Users/kaepae/Local Sites/cool-kids-university/app/public/wp-content/themes/coolunitheme/front-page.php on line 35
[26-Mar-2022 09:58:56 UTC] PHP Parse error:  syntax error, unexpected ''rewrite'' (T_CONSTANT_ENCAPSED_STRING), expecting ')' in /Users/kaepae/Local Sites/cool-kids-university/app/public/wp-content/mu-plugins/post-types.php on line 8
[26-Mar-2022 10:46:43 UTC] PHP Warning:  Use of undefined constant c - assumed 'c' (this will throw an Error in a future version of PHP) in /Users/kaepae/Local Sites/cool-kids-university/app/public/wp-content/mu-plugins/post-types.php on line 9
[26-Mar-2022 10:46:43 UTC] PHP Stack trace:
[26-Mar-2022 10:46:43 UTC] PHP   1. {main}() /Users/kaepae/Local Sites/cool-kids-university/app/public/wp-admin/admin-ajax.php:0
[26-Mar-2022 10:46:43 UTC] PHP   2. require_once() /Users/kaepae/Local Sites/cool-kids-university/app/public/wp-admin/admin-ajax.php:22
[26-Mar-2022 10:46:43 UTC] PHP   3. require_once() /Users/kaepae/Local Sites/cool-kids-university/app/public/wp-load.php:50
[26-Mar-2022 10:46:43 UTC] PHP   4. require_once() /Users/kaepae/Local Sites/cool-kids-university/app/public/wp-config.php:91
[26-Mar-2022 10:46:43 UTC] PHP   5. do_action() /Users/kaepae/Local Sites/cool-kids-university/app/public/wp-settings.php:587
[26-Mar-2022 10:46:43 UTC] PHP   6. WP_Hook->do_action() /Users/kaepae/Local Sites/cool-kids-university/app/public/wp-includes/plugin.php:474
[26-Mar-2022 10:46:43 UTC] PHP   7. WP_Hook->apply_filters() /Users/kaepae/Local Sites/cool-kids-university/app/public/wp-includes/class-wp-hook.php:331
[26-Mar-2022 10:46:43 UTC] PHP   8. postTypes() /Users/kaepae/Local Sites/cool-kids-university/app/public/wp-includes/class-wp-hook.php:307
[26-Mar-2022 11:21:58 UTC] PHP Parse error:  syntax error, unexpected '$query' (T_VARIABLE) in /Users/kaepae/Local Sites/cool-kids-university/app/public/wp-content/themes/coolunitheme/functions.php on line 22
[26-Mar-2022 14:44:43 UTC] PHP Warning:  Invalid argument supplied for foreach() in /Users/kaepae/Local Sites/cool-kids-university/app/public/wp-content/themes/coolunitheme/single-event.php on line 28
[26-Mar-2022 14:44:43 UTC] PHP Stack trace:
[26-Mar-2022 14:44:43 UTC] PHP   1. {main}() /Users/kaepae/Local Sites/cool-kids-university/app/public/index.php:0
[26-Mar-2022 14:44:43 UTC] PHP   2. require() /Users/kaepae/Local Sites/cool-kids-university/app/public/index.php:17
[26-Mar-2022 14:44:43 UTC] PHP   3. require_once() /Users/kaepae/Local Sites/cool-kids-university/app/public/wp-blog-header.php:19
[26-Mar-2022 14:44:43 UTC] PHP   4. include() /Users/kaepae/Local Sites/cool-kids-university/app/public/wp-includes/template-loader.php:106
